  stdafx.cpp
  DlgCamCtrl.cpp
D:\oCam\oCamViewer\oCam-master\oCam-master\Software\oCam-viewer_Win\src\oCamViewer\DlgCamCtrl.cpp(1,1): warning C4819: 현재 코드 페이지(949)에서 표시할 수 없는 문자가 파일에 들어 있습니다. 데이터가 손실되지 않게 하려면 해당 파일을 유니코드 형식으로 저장하십시오.
  ImgProc.cpp
  Popup_Check_Box.cpp
D:\oCam\oCamViewer\oCam-master\oCam-master\Software\oCam-viewer_Win\src\oCamViewer\Popup_Check_Box.cpp(1,1): warning C4819: 현재 코드 페이지(949)에서 표시할 수 없는 문자가 파일에 들어 있습니다. 데이터가 손실되지 않게 하려면 해당 파일을 유니코드 형식으로 저장하십시오.
D:\oCam\oCamViewer\oCam-master\oCam-master\Software\oCam-viewer_Win\src\oCamViewer\pch.h(1,1): warning C4819: 현재 코드 페이지(949)에서 표시할 수 없는 문자가 파일에 들어 있습니다. 데이터가 손실되지 않게 하려면 해당 파일을 유니코드 형식으로 저장하십시오.
D:\oCam\oCamViewer\oCam-master\oCam-master\Software\oCam-viewer_Win\src\oCamViewer\framework.h(1,1): warning C4819: 현재 코드 페이지(949)에서 표시할 수 없는 문자가 파일에 들어 있습니다. 데이터가 손실되지 않게 하려면 해당 파일을 유니코드 형식으로 저장하십시오.
D:\oCam\oCamViewer\oCam-master\oCam-master\Software\oCam-viewer_Win\src\oCamViewer\Popup_Check_Box.h(1,1): warning C4819: 현재 코드 페이지(949)에서 표시할 수 없는 문자가 파일에 들어 있습니다. 데이터가 손실되지 않게 하려면 해당 파일을 유니코드 형식으로 저장하십시오.
  Popup_Window_Box.cpp
D:\oCam\oCamViewer\oCam-master\oCam-master\Software\oCam-viewer_Win\src\oCamViewer\Popup_Window_Box.cpp(1,1): warning C4819: 현재 코드 페이지(949)에서 표시할 수 없는 문자가 파일에 들어 있습니다. 데이터가 손실되지 않게 하려면 해당 파일을 유니코드 형식으로 저장하십시오.
D:\oCam\oCamViewer\oCam-master\oCam-master\Software\oCam-viewer_Win\src\oCamViewer\pch.h(1,1): warning C4819: 현재 코드 페이지(949)에서 표시할 수 없는 문자가 파일에 들어 있습니다. 데이터가 손실되지 않게 하려면 해당 파일을 유니코드 형식으로 저장하십시오.
D:\oCam\oCamViewer\oCam-master\oCam-master\Software\oCam-viewer_Win\src\oCamViewer\framework.h(1,1): warning C4819: 현재 코드 페이지(949)에서 표시할 수 없는 문자가 파일에 들어 있습니다. 데이터가 손실되지 않게 하려면 해당 파일을 유니코드 형식으로 저장하십시오.
D:\oCam\oCamViewer\oCam-master\oCam-master\Software\oCam-viewer_Win\src\oCamViewer\Popup_Window_Box.h(1,1): warning C4819: 현재 코드 페이지(949)에서 표시할 수 없는 문자가 파일에 들어 있습니다. 데이터가 손실되지 않게 하려면 해당 파일을 유니코드 형식으로 저장하십시오.
D:\oCam\oCamViewer\oCam-master\oCam-master\Software\oCam-viewer_Win\src\oCamViewer\Popup_Window_Box.cpp(111,45): warning C4302: '형식 캐스트': 'LPSTR'에서 'WORD'(으)로 잘립니다.
D:\oCam\oCamViewer\oCam-master\oCam-master\Software\oCam-viewer_Win\src\oCamViewer\Popup_Window_Box.cpp(118,45): warning C4302: '형식 캐스트': 'LPSTR'에서 'WORD'(으)로 잘립니다.
  Record.cpp
D:\oCam\oCamViewer\oCam-master\oCam-master\Software\oCam-viewer_Win\src\oCamViewer\Record.cpp(1,1): warning C4819: 현재 코드 페이지(949)에서 표시할 수 없는 문자가 파일에 들어 있습니다. 데이터가 손실되지 않게 하려면 해당 파일을 유니코드 형식으로 저장하십시오.
D:\oCam\oCamViewer\oCam-master\oCam-master\Software\oCam-viewer_Win\src\FFmpeg\x86\include\libavutil\rational.h(1,1): warning C4819: 현재 코드 페이지(949)에서 표시할 수 없는 문자가 파일에 들어 있습니다. 데이터가 손실되지 않게 하려면 해당 파일을 유니코드 형식으로 저장하십시오.
  _WIN32_WINNT not defined. Defaulting to _WIN32_WINNT_MAXVER (see WinSDKVer.h)
D:\oCam\oCamViewer\oCam-master\oCam-master\Software\oCam-viewer_Win\src\oCamViewer\Record.cpp(83,17): warning C4129: 's': 문자 이스케이프 시퀀스를 인식할 수 없습니다.
D:\oCam\oCamViewer\oCam-master\oCam-master\Software\oCam-viewer_Win\src\oCamViewer\Record.cpp(84,25): warning C4477: 'sprintf' : 서식 문자열 '%s'에 'char *' 형식의 인수가 필요하지만 variadic 인수 1의 형식이 'CString'입니다.
D:\oCam\oCamViewer\oCam-master\oCam-master\Software\oCam-viewer_Win\src\oCamViewer\Record.cpp(88,3): warning C4996: 'avcodec_register_all': deprecated로 선언되었습니다.
D:\oCam\oCamViewer\oCam-master\oCam-master\Software\oCam-viewer_Win\src\oCamViewer\Record.cpp(197,45): warning C4244: '=': 'double'에서 'uint8_t'(으)로 변환하면서 데이터가 손실될 수 있습니다.
D:\oCam\oCamViewer\oCam-master\oCam-master\Software\oCam-viewer_Win\src\oCamViewer\Record.cpp(205,15): warning C4244: '=': 'float'에서 'int64_t'(으)로 변환하면서 데이터가 손실될 수 있습니다.
D:\oCam\oCamViewer\oCam-master\oCam-master\Software\oCam-viewer_Win\src\oCamViewer\Record.cpp(218,93): warning C4244: '=': 'double'에서 'uint8_t'(으)로 변환하면서 데이터가 손실될 수 있습니다.
D:\oCam\oCamViewer\oCam-master\oCam-master\Software\oCam-viewer_Win\src\oCamViewer\Record.cpp(219,85): warning C4244: '=': 'double'에서 'uint8_t'(으)로 변환하면서 데이터가 손실될 수 있습니다.
D:\oCam\oCamViewer\oCam-master\oCam-master\Software\oCam-viewer_Win\src\oCamViewer\Record.cpp(220,84): warning C4244: '=': 'double'에서 'uint8_t'(으)로 변환하면서 데이터가 손실될 수 있습니다.
D:\oCam\oCamViewer\oCam-master\oCam-master\Software\oCam-viewer_Win\src\oCamViewer\Record.cpp(234,15): warning C4244: '=': 'float'에서 'int64_t'(으)로 변환하면서 데이터가 손실될 수 있습니다.
D:\oCam\oCamViewer\oCam-master\oCam-master\Software\oCam-viewer_Win\src\oCamViewer\Record.cpp(269,15): warning C4244: '=': 'float'에서 'int64_t'(으)로 변환하면서 데이터가 손실될 수 있습니다.
D:\oCam\oCamViewer\oCam-master\oCam-master\Software\oCam-viewer_Win\src\oCamViewer\Record.cpp(310,20): warning C4018: '<': signed 또는 unsigned가 일치하지 않습니다.
D:\oCam\oCamViewer\oCam-master\oCam-master\Software\oCam-viewer_Win\src\oCamViewer\Record.cpp(312,29): warning C4996: 'AVStream::codec': deprecated로 선언되었습니다.
D:\oCam\oCamViewer\oCam-master\oCam-master\Software\oCam-viewer_Win\src\oCamViewer\Record.cpp(315,68): warning C4996: 'AVStream::codec': deprecated로 선언되었습니다.
D:\oCam\oCamViewer\oCam-master\oCam-master\Software\oCam-viewer_Win\src\oCamViewer\Record.cpp(323,39): warning C4996: 'AVStream::codec': deprecated로 선언되었습니다.
D:\oCam\oCamViewer\oCam-master\oCam-master\Software\oCam-viewer_Win\src\oCamViewer\Record.cpp(327,14): warning C4996: 'AVStream::codec': deprecated로 선언되었습니다.
D:\oCam\oCamViewer\oCam-master\oCam-master\Software\oCam-viewer_Win\src\oCamViewer\Record.cpp(329,15): warning C4996: 'AVStream::codec': deprecated로 선언되었습니다.
D:\oCam\oCamViewer\oCam-master\oCam-master\Software\oCam-viewer_Win\src\oCamViewer\Record.cpp(382,26): warning C4244: '초기화 중': 'double'에서 'int64_t'(으)로 변환하면서 데이터가 손실될 수 있습니다.
D:\oCam\oCamViewer\oCam-master\oCam-master\Software\oCam-viewer_Win\src\oCamViewer\Record.cpp(384,53): warning C4244: '=': 'double'에서 'int64_t'(으)로 변환하면서 데이터가 손실될 수 있습니다.
D:\oCam\oCamViewer\oCam-master\oCam-master\Software\oCam-viewer_Win\src\oCamViewer\Record.cpp(386,42): warning C4244: '=': 'double'에서 'int64_t'(으)로 변환하면서 데이터가 손실될 수 있습니다.
D:\oCam\oCamViewer\oCam-master\oCam-master\Software\oCam-viewer_Win\src\oCamViewer\Record.cpp(323,8): warning C4996: 'avcodec_copy_context': deprecated로 선언되었습니다.
D:\oCam\oCamViewer\oCam-master\oCam-master\Software\oCam-viewer_Win\src\oCamViewer\Record.cpp(403,3): warning C4996: 'av_free_packet': deprecated로 선언되었습니다.
  oCamViewer.cpp
  OCamViewerDlg.cpp
D:\oCam\oCamViewer\oCam-master\oCam-master\Software\oCam-viewer_Win\src\oCamViewer\OCamViewerDlg.cpp(1,1): warning C4819: 현재 코드 페이지(949)에서 표시할 수 없는 문자가 파일에 들어 있습니다. 데이터가 손실되지 않게 하려면 해당 파일을 유니코드 형식으로 저장하십시오.
D:\oCam\oCamViewer\oCam-master\oCam-master\Software\oCam-viewer_Win\src\FFmpeg\x86\include\libavutil\rational.h(1,1): warning C4819: 현재 코드 페이지(949)에서 표시할 수 없는 문자가 파일에 들어 있습니다. 데이터가 손실되지 않게 하려면 해당 파일을 유니코드 형식으로 저장하십시오.
D:\oCam\oCamViewer\oCam-master\oCam-master\Software\oCam-viewer_Win\src\oCamViewer\Popup_Check_Box.h(1,1): warning C4819: 현재 코드 페이지(949)에서 표시할 수 없는 문자가 파일에 들어 있습니다. 데이터가 손실되지 않게 하려면 해당 파일을 유니코드 형식으로 저장하십시오.
D:\oCam\oCamViewer\oCam-master\oCam-master\Software\oCam-viewer_Win\src\oCamViewer\Popup_Window_Box.h(1,1): warning C4819: 현재 코드 페이지(949)에서 표시할 수 없는 문자가 파일에 들어 있습니다. 데이터가 손실되지 않게 하려면 해당 파일을 유니코드 형식으로 저장하십시오.
D:\oCam\oCamViewer\oCam-master\oCam-master\Software\oCam-viewer_Win\src\oCamViewer\OCamViewerDlg.cpp(1208,12): warning C4244: '초기화 중': 'double'에서 'int'(으)로 변환하면서 데이터가 손실될 수 있습니다.
  wDisplay.cpp
  wImage.cpp
  Usbdescriotor.c
D:\oCam\oCamViewer\oCam-master\oCam-master\Software\oCam-viewer_Win\src\oCamViewer\Usbdescriotor.c(1,1): warning C4819: 현재 코드 페이지(949)에서 표시할 수 없는 문자가 파일에 들어 있습니다. 데이터가 손실되지 않게 하려면 해당 파일을 유니코드 형식으로 저장하십시오.
  코드를 생성하고 있습니다.
  Previous IPDB not found, fall back to full compilation.
  All 632 functions were compiled because no usable IPDB/IOBJ from previous compilation was found.
  코드를 생성했습니다.
  oCam_viewer.vcxproj -> D:\oCam\oCamViewer\oCam-master\oCam-master\Software\oCam-viewer_Win\src\_build_\x86\Release\oCamViewer 20211019.exe
          1개 파일이 복사되었습니다.
          1개 파일이 복사되었습니다.
          1개 파일이 복사되었습니다.
          1개 파일이 복사되었습니다.
  D:\oCam\oCamViewer\oCam-master\oCam-master\Software\oCam-viewer_Win\src\\libCamCap\libCamCap-x86.dll
          1개 파일이 복사되었습니다.
