d:\ocam\src\_intermediate_\x64\release\ocam_viewer\ocamviewer 20201231.pch
d:\ocam\src\_intermediate_\x64\release\ocam_viewer\vc142.pdb
d:\ocam\src\_intermediate_\x64\release\ocam_viewer\stdafx.obj
d:\ocam\src\_intermediate_\x64\release\ocam_viewer\wimage.obj
d:\ocam\src\_intermediate_\x64\release\ocam_viewer\wdisplay.obj
d:\ocam\src\_intermediate_\x64\release\ocam_viewer\ocamviewerdlg.obj
d:\ocam\src\_intermediate_\x64\release\ocam_viewer\ocamviewer.obj
d:\ocam\src\_intermediate_\x64\release\ocam_viewer\record.obj
d:\ocam\src\_intermediate_\x64\release\ocam_viewer\popup_window_box.obj
d:\ocam\src\_intermediate_\x64\release\ocam_viewer\popup_check_box.obj
d:\ocam\src\_intermediate_\x64\release\ocam_viewer\imgproc.obj
d:\ocam\src\_intermediate_\x64\release\ocam_viewer\usbdescriotor.obj
d:\ocam\src\_intermediate_\x64\release\ocam_viewer\dlgcamctrl.obj
d:\ocam\src\_build_\x64\release\ocamviewer 20201231.exe
d:\ocam\src\_build_\x64\release\ocamviewer 20201231.pdb
d:\ocam\src\_build_\x64\release\ocamviewer 20201231.ipdb
d:\ocam\src\_build_\x64\release\ocamviewer 20201231.iobj
d:\ocam\src\_intermediate_\x64\release\ocam_viewer\ocamviewer.res
d:\ocam\src\_intermediate_\x64\release\ocam_viewer\ocam_viewer.tlog\cl.command.1.tlog
d:\ocam\src\_intermediate_\x64\release\ocam_viewer\ocam_viewer.tlog\cl.read.1.tlog
d:\ocam\src\_intermediate_\x64\release\ocam_viewer\ocam_viewer.tlog\cl.write.1.tlog
d:\ocam\src\_intermediate_\x64\release\ocam_viewer\ocam_viewer.tlog\link.command.1.tlog
d:\ocam\src\_intermediate_\x64\release\ocam_viewer\ocam_viewer.tlog\link.read.1.tlog
d:\ocam\src\_intermediate_\x64\release\ocam_viewer\ocam_viewer.tlog\link.write.1.tlog
d:\ocam\src\_intermediate_\x64\release\ocam_viewer\ocam_viewer.tlog\ocam_viewer.write.1u.tlog
d:\ocam\src\_intermediate_\x64\release\ocam_viewer\ocam_viewer.tlog\rc.command.1.tlog
d:\ocam\src\_intermediate_\x64\release\ocam_viewer\ocam_viewer.tlog\rc.read.1.tlog
d:\ocam\src\_intermediate_\x64\release\ocam_viewer\ocam_viewer.tlog\rc.write.1.tlog
